Build started 05/11/2015 16:08:44.
     1>Project "E:\Uni\Year 2\semester 1\software engineering\Assignment\sdl_game_framework\BoltonUniversitySoftwareEngineeringAssignment\SDL_Game_Framework\SDL_Game_Framework.vcxproj" on node 2 (Build target(s)).
     1>ClCompile:
         C:\Program Files (x86)\Microsoft Visual Studio 12.0\VC\bin\CL.exe /c /IUnitTest++\src /ZI /nologo /W3 /WX- /Od /Oy- /D WIN32 /D _DEBUG /D _CONSOLE /D _UNICODE /D UNICODE /Gm /EHsc /RTC1 /MDd /GS /fp:precise /Zc:wchar_t /Zc:forScope /Fo"Debug\\" /Fd"Debug\vc120.pdb" /Gd /TP /analyze- /errorReport:prompt End_Menu_Splash.cpp Game.cpp Main.cpp Play_Screen.cpp Splash_Screen.cpp Start_Menu_Splash.cpp Text_Box.cpp Text_Boxes.cpp
         Text_Boxes.cpp
     1>e:\uni\year 2\semester 1\software engineering\assignment\sdl_game_framework\boltonuniversitysoftwareengineeringassignment\sdl_game_framework\npc_base.h(32): error C2955: 'Vector2' : use of class template requires template argument list
                 e:\uni\year 2\semester 1\software engineering\assignment\sdl_game_framework\boltonuniversitysoftwareengineeringassignment\sdl_game_framework\vector2.h(7) : see declaration of 'Vector2'
     1>e:\uni\year 2\semester 1\software engineering\assignment\sdl_game_framework\boltonuniversitysoftwareengineeringassignment\sdl_game_framework\game.h(48): error C2143: syntax error : missing ';' before '*'
     1>e:\uni\year 2\semester 1\software engineering\assignment\sdl_game_framework\boltonuniversitysoftwareengineeringassignment\sdl_game_framework\game.h(48): error C4430: missing type specifier - int assumed. Note: C++ does not support default-int
     1>e:\uni\year 2\semester 1\software engineering\assignment\sdl_game_framework\boltonuniversitysoftwareengineeringassignment\sdl_game_framework\game.h(57): error C2143: syntax error : missing ';' before '*'
     1>e:\uni\year 2\semester 1\software engineering\assignment\sdl_game_framework\boltonuniversitysoftwareengineeringassignment\sdl_game_framework\game.h(57): error C4430: missing type specifier - int assumed. Note: C++ does not support default-int
     1>e:\uni\year 2\semester 1\software engineering\assignment\sdl_game_framework\boltonuniversitysoftwareengineeringassignment\sdl_game_framework\game.h(58): error C2143: syntax error : missing ';' before '*'
     1>e:\uni\year 2\semester 1\software engineering\assignment\sdl_game_framework\boltonuniversitysoftwareengineeringassignment\sdl_game_framework\game.h(58): error C4430: missing type specifier - int assumed. Note: C++ does not support default-int
         Text_Box.cpp
     1>e:\uni\year 2\semester 1\software engineering\assignment\sdl_game_framework\boltonuniversitysoftwareengineeringassignment\sdl_game_framework\npc_base.h(32): error C2955: 'Vector2' : use of class template requires template argument list
                 e:\uni\year 2\semester 1\software engineering\assignment\sdl_game_framework\boltonuniversitysoftwareengineeringassignment\sdl_game_framework\vector2.h(7) : see declaration of 'Vector2'
     1>e:\uni\year 2\semester 1\software engineering\assignment\sdl_game_framework\boltonuniversitysoftwareengineeringassignment\sdl_game_framework\game.h(48): error C2143: syntax error : missing ';' before '*'
     1>e:\uni\year 2\semester 1\software engineering\assignment\sdl_game_framework\boltonuniversitysoftwareengineeringassignment\sdl_game_framework\game.h(48): error C4430: missing type specifier - int assumed. Note: C++ does not support default-int
     1>e:\uni\year 2\semester 1\software engineering\assignment\sdl_game_framework\boltonuniversitysoftwareengineeringassignment\sdl_game_framework\game.h(57): error C2143: syntax error : missing ';' before '*'
     1>e:\uni\year 2\semester 1\software engineering\assignment\sdl_game_framework\boltonuniversitysoftwareengineeringassignment\sdl_game_framework\game.h(57): error C4430: missing type specifier - int assumed. Note: C++ does not support default-int
     1>e:\uni\year 2\semester 1\software engineering\assignment\sdl_game_framework\boltonuniversitysoftwareengineeringassignment\sdl_game_framework\game.h(58): error C2143: syntax error : missing ';' before '*'
     1>e:\uni\year 2\semester 1\software engineering\assignment\sdl_game_framework\boltonuniversitysoftwareengineeringassignment\sdl_game_framework\game.h(58): error C4430: missing type specifier - int assumed. Note: C++ does not support default-int
     1>e:\uni\year 2\semester 1\software engineering\assignment\sdl_game_framework\boltonuniversitysoftwareengineeringassignment\sdl_game_framework\text_box.cpp(28): warning C4150: deletion of pointer to incomplete type '_TTF_Font'; no destructor called
                 e:\uni\year 2\semester 1\software engineering\assignment\sdl_game_framework\boltonuniversitysoftwareengineeringassignment\sdl_game_framework\sdl_ttf.h(77) : see declaration of '_TTF_Font'
     1>e:\uni\year 2\semester 1\software engineering\assignment\sdl_game_framework\boltonuniversitysoftwareengineeringassignment\sdl_game_framework\text_box.cpp(54): warning C4244: 'argument' : conversion from 'float' to 'int', possible loss of data
     1>e:\uni\year 2\semester 1\software engineering\assignment\sdl_game_framework\boltonuniversitysoftwareengineeringassignment\sdl_game_framework\text_box.cpp(61): warning C4018: '<' : signed/unsigned mismatch
     1>e:\uni\year 2\semester 1\software engineering\assignment\sdl_game_framework\boltonuniversitysoftwareengineeringassignment\sdl_game_framework\text_box.cpp(69): warning C4244: '=' : conversion from 'float' to 'Sint16', possible loss of data
     1>e:\uni\year 2\semester 1\software engineering\assignment\sdl_game_framework\boltonuniversitysoftwareengineeringassignment\sdl_game_framework\text_box.cpp(70): warning C4244: '=' : conversion from 'float' to 'Sint16', possible loss of data
     1>e:\uni\year 2\semester 1\software engineering\assignment\sdl_game_framework\boltonuniversitysoftwareengineeringassignment\sdl_game_framework\text_box.cpp(94): warning C4018: '<' : signed/unsigned mismatch
     1>e:\uni\year 2\semester 1\software engineering\assignment\sdl_game_framework\boltonuniversitysoftwareengineeringassignment\sdl_game_framework\text_box.cpp(137): warning C4018: '<' : signed/unsigned mismatch
         Start_Menu_Splash.cpp
     1>e:\uni\year 2\semester 1\software engineering\assignment\sdl_game_framework\boltonuniversitysoftwareengineeringassignment\sdl_game_framework\npc_base.h(32): error C2955: 'Vector2' : use of class template requires template argument list
                 e:\uni\year 2\semester 1\software engineering\assignment\sdl_game_framework\boltonuniversitysoftwareengineeringassignment\sdl_game_framework\vector2.h(7) : see declaration of 'Vector2'
     1>e:\uni\year 2\semester 1\software engineering\assignment\sdl_game_framework\boltonuniversitysoftwareengineeringassignment\sdl_game_framework\game.h(48): error C2143: syntax error : missing ';' before '*'
     1>e:\uni\year 2\semester 1\software engineering\assignment\sdl_game_framework\boltonuniversitysoftwareengineeringassignment\sdl_game_framework\game.h(48): error C4430: missing type specifier - int assumed. Note: C++ does not support default-int
     1>e:\uni\year 2\semester 1\software engineering\assignment\sdl_game_framework\boltonuniversitysoftwareengineeringassignment\sdl_game_framework\game.h(57): error C2143: syntax error : missing ';' before '*'
     1>e:\uni\year 2\semester 1\software engineering\assignment\sdl_game_framework\boltonuniversitysoftwareengineeringassignment\sdl_game_framework\game.h(57): error C4430: missing type specifier - int assumed. Note: C++ does not support default-int
     1>e:\uni\year 2\semester 1\software engineering\assignment\sdl_game_framework\boltonuniversitysoftwareengineeringassignment\sdl_game_framework\game.h(58): error C2143: syntax error : missing ';' before '*'
     1>e:\uni\year 2\semester 1\software engineering\assignment\sdl_game_framework\boltonuniversitysoftwareengineeringassignment\sdl_game_framework\game.h(58): error C4430: missing type specifier - int assumed. Note: C++ does not support default-int
         Splash_Screen.cpp
     1>e:\uni\year 2\semester 1\software engineering\assignment\sdl_game_framework\boltonuniversitysoftwareengineeringassignment\sdl_game_framework\npc_base.h(32): error C2955: 'Vector2' : use of class template requires template argument list
                 e:\uni\year 2\semester 1\software engineering\assignment\sdl_game_framework\boltonuniversitysoftwareengineeringassignment\sdl_game_framework\vector2.h(7) : see declaration of 'Vector2'
     1>e:\uni\year 2\semester 1\software engineering\assignment\sdl_game_framework\boltonuniversitysoftwareengineeringassignment\sdl_game_framework\game.h(48): error C2143: syntax error : missing ';' before '*'
     1>e:\uni\year 2\semester 1\software engineering\assignment\sdl_game_framework\boltonuniversitysoftwareengineeringassignment\sdl_game_framework\game.h(48): error C4430: missing type specifier - int assumed. Note: C++ does not support default-int
     1>e:\uni\year 2\semester 1\software engineering\assignment\sdl_game_framework\boltonuniversitysoftwareengineeringassignment\sdl_game_framework\game.h(57): error C2143: syntax error : missing ';' before '*'
     1>e:\uni\year 2\semester 1\software engineering\assignment\sdl_game_framework\boltonuniversitysoftwareengineeringassignment\sdl_game_framework\game.h(57): error C4430: missing type specifier - int assumed. Note: C++ does not support default-int
     1>e:\uni\year 2\semester 1\software engineering\assignment\sdl_game_framework\boltonuniversitysoftwareengineeringassignment\sdl_game_framework\game.h(58): error C2143: syntax error : missing ';' before '*'
     1>e:\uni\year 2\semester 1\software engineering\assignment\sdl_game_framework\boltonuniversitysoftwareengineeringassignment\sdl_game_framework\game.h(58): error C4430: missing type specifier - int assumed. Note: C++ does not support default-int
         Play_Screen.cpp
     1>e:\uni\year 2\semester 1\software engineering\assignment\sdl_game_framework\boltonuniversitysoftwareengineeringassignment\sdl_game_framework\npc_base.h(32): error C2955: 'Vector2' : use of class template requires template argument list
                 e:\uni\year 2\semester 1\software engineering\assignment\sdl_game_framework\boltonuniversitysoftwareengineeringassignment\sdl_game_framework\vector2.h(7) : see declaration of 'Vector2'
     1>e:\uni\year 2\semester 1\software engineering\assignment\sdl_game_framework\boltonuniversitysoftwareengineeringassignment\sdl_game_framework\game.h(48): error C2143: syntax error : missing ';' before '*'
     1>e:\uni\year 2\semester 1\software engineering\assignment\sdl_game_framework\boltonuniversitysoftwareengineeringassignment\sdl_game_framework\game.h(48): error C4430: missing type specifier - int assumed. Note: C++ does not support default-int
     1>e:\uni\year 2\semester 1\software engineering\assignment\sdl_game_framework\boltonuniversitysoftwareengineeringassignment\sdl_game_framework\game.h(57): error C2143: syntax error : missing ';' before '*'
     1>e:\uni\year 2\semester 1\software engineering\assignment\sdl_game_framework\boltonuniversitysoftwareengineeringassignment\sdl_game_framework\game.h(57): error C4430: missing type specifier - int assumed. Note: C++ does not support default-int
     1>e:\uni\year 2\semester 1\software engineering\assignment\sdl_game_framework\boltonuniversitysoftwareengineeringassignment\sdl_game_framework\game.h(58): error C2143: syntax error : missing ';' before '*'
     1>e:\uni\year 2\semester 1\software engineering\assignment\sdl_game_framework\boltonuniversitysoftwareengineeringassignment\sdl_game_framework\game.h(58): error C4430: missing type specifier - int assumed. Note: C++ does not support default-int
         Main.cpp
     1>e:\uni\year 2\semester 1\software engineering\assignment\sdl_game_framework\boltonuniversitysoftwareengineeringassignment\sdl_game_framework\npc_base.h(32): error C2955: 'Vector2' : use of class template requires template argument list
                 e:\uni\year 2\semester 1\software engineering\assignment\sdl_game_framework\boltonuniversitysoftwareengineeringassignment\sdl_game_framework\vector2.h(7) : see declaration of 'Vector2'
     1>e:\uni\year 2\semester 1\software engineering\assignment\sdl_game_framework\boltonuniversitysoftwareengineeringassignment\sdl_game_framework\game.h(48): error C2143: syntax error : missing ';' before '*'
     1>e:\uni\year 2\semester 1\software engineering\assignment\sdl_game_framework\boltonuniversitysoftwareengineeringassignment\sdl_game_framework\game.h(48): error C4430: missing type specifier - int assumed. Note: C++ does not support default-int
     1>e:\uni\year 2\semester 1\software engineering\assignment\sdl_game_framework\boltonuniversitysoftwareengineeringassignment\sdl_game_framework\game.h(57): error C2143: syntax error : missing ';' before '*'
     1>e:\uni\year 2\semester 1\software engineering\assignment\sdl_game_framework\boltonuniversitysoftwareengineeringassignment\sdl_game_framework\game.h(57): error C4430: missing type specifier - int assumed. Note: C++ does not support default-int
     1>e:\uni\year 2\semester 1\software engineering\assignment\sdl_game_framework\boltonuniversitysoftwareengineeringassignment\sdl_game_framework\game.h(58): error C2143: syntax error : missing ';' before '*'
     1>e:\uni\year 2\semester 1\software engineering\assignment\sdl_game_framework\boltonuniversitysoftwareengineeringassignment\sdl_game_framework\game.h(58): error C4430: missing type specifier - int assumed. Note: C++ does not support default-int
         Game.cpp
     1>e:\uni\year 2\semester 1\software engineering\assignment\sdl_game_framework\boltonuniversitysoftwareengineeringassignment\sdl_game_framework\npc_base.h(32): error C2955: 'Vector2' : use of class template requires template argument list
                 e:\uni\year 2\semester 1\software engineering\assignment\sdl_game_framework\boltonuniversitysoftwareengineeringassignment\sdl_game_framework\vector2.h(7) : see declaration of 'Vector2'
     1>e:\uni\year 2\semester 1\software engineering\assignment\sdl_game_framework\boltonuniversitysoftwareengineeringassignment\sdl_game_framework\game.h(48): error C2143: syntax error : missing ';' before '*'
     1>e:\uni\year 2\semester 1\software engineering\assignment\sdl_game_framework\boltonuniversitysoftwareengineeringassignment\sdl_game_framework\game.h(48): error C4430: missing type specifier - int assumed. Note: C++ does not support default-int
     1>e:\uni\year 2\semester 1\software engineering\assignment\sdl_game_framework\boltonuniversitysoftwareengineeringassignment\sdl_game_framework\game.h(57): error C2143: syntax error : missing ';' before '*'
     1>e:\uni\year 2\semester 1\software engineering\assignment\sdl_game_framework\boltonuniversitysoftwareengineeringassignment\sdl_game_framework\game.h(57): error C4430: missing type specifier - int assumed. Note: C++ does not support default-int
     1>e:\uni\year 2\semester 1\software engineering\assignment\sdl_game_framework\boltonuniversitysoftwareengineeringassignment\sdl_game_framework\game.h(58): error C2143: syntax error : missing ';' before '*'
     1>e:\uni\year 2\semester 1\software engineering\assignment\sdl_game_framework\boltonuniversitysoftwareengineeringassignment\sdl_game_framework\game.h(58): error C4430: missing type specifier - int assumed. Note: C++ does not support default-int
     1>e:\uni\year 2\semester 1\software engineering\assignment\sdl_game_framework\boltonuniversitysoftwareengineeringassignment\sdl_game_framework\game.cpp(35): error C2061: syntax error : identifier 'Player'
     1>e:\uni\year 2\semester 1\software engineering\assignment\sdl_game_framework\boltonuniversitysoftwareengineeringassignment\sdl_game_framework\game.cpp(35): error C2143: syntax error : missing ';' before '{'
     1>e:\uni\year 2\semester 1\software engineering\assignment\sdl_game_framework\boltonuniversitysoftwareengineeringassignment\sdl_game_framework\game.cpp(35): error C2143: syntax error : missing ';' before '}'
     1>e:\uni\year 2\semester 1\software engineering\assignment\sdl_game_framework\boltonuniversitysoftwareengineeringassignment\sdl_game_framework\game.cpp(35): error C2143: syntax error : missing ';' before ')'
     1>e:\uni\year 2\semester 1\software engineering\assignment\sdl_game_framework\boltonuniversitysoftwareengineeringassignment\sdl_game_framework\game.cpp(36): error C2061: syntax error : identifier 'Enemy'
     1>e:\uni\year 2\semester 1\software engineering\assignment\sdl_game_framework\boltonuniversitysoftwareengineeringassignment\sdl_game_framework\game.cpp(36): error C2143: syntax error : missing ';' before '{'
     1>e:\uni\year 2\semester 1\software engineering\assignment\sdl_game_framework\boltonuniversitysoftwareengineeringassignment\sdl_game_framework\game.cpp(36): error C2143: syntax error : missing ';' before '}'
     1>e:\uni\year 2\semester 1\software engineering\assignment\sdl_game_framework\boltonuniversitysoftwareengineeringassignment\sdl_game_framework\game.cpp(36): error C2143: syntax error : missing ';' before ')'
     1>e:\uni\year 2\semester 1\software engineering\assignment\sdl_game_framework\boltonuniversitysoftwareengineeringassignment\sdl_game_framework\game.cpp(37): error C2061: syntax error : identifier 'creation_variables'
     1>e:\uni\year 2\semester 1\software engineering\assignment\sdl_game_framework\boltonuniversitysoftwareengineeringassignment\sdl_game_framework\game.cpp(37): error C2143: syntax error : missing ';' before '{'
     1>e:\uni\year 2\semester 1\software engineering\assignment\sdl_game_framework\boltonuniversitysoftwareengineeringassignment\sdl_game_framework\game.cpp(37): error C2143: syntax error : missing ')' before ';'
     1>e:\uni\year 2\semester 1\software engineering\assignment\sdl_game_framework\boltonuniversitysoftwareengineeringassignment\sdl_game_framework\game.cpp(37): error C2143: syntax error : missing ';' before '}'
     1>e:\uni\year 2\semester 1\software engineering\assignment\sdl_game_framework\boltonuniversitysoftwareengineeringassignment\sdl_game_framework\game.cpp(37): error C2059: syntax error : ')'
     1>e:\uni\year 2\semester 1\software engineering\assignment\sdl_game_framework\boltonuniversitysoftwareengineeringassignment\sdl_game_framework\game.cpp(38): error C2133: 'PointA' : unknown size
     1>e:\uni\year 2\semester 1\software engineering\assignment\sdl_game_framework\boltonuniversitysoftwareengineeringassignment\sdl_game_framework\game.cpp(38): error C2512: 'Vector2' : no appropriate default constructor available
     1>e:\uni\year 2\semester 1\software engineering\assignment\sdl_game_framework\boltonuniversitysoftwareengineeringassignment\sdl_game_framework\game.cpp(41): error C2133: 'PointB' : unknown size
     1>e:\uni\year 2\semester 1\software engineering\assignment\sdl_game_framework\boltonuniversitysoftwareengineeringassignment\sdl_game_framework\game.cpp(41): error C2512: 'Vector2' : no appropriate default constructor available
     1>e:\uni\year 2\semester 1\software engineering\assignment\sdl_game_framework\boltonuniversitysoftwareengineeringassignment\sdl_game_framework\game.cpp(44): error C2664: 'bool NPC_Base::set_points(Vector2,Vector2)' : cannot convert argument 1 from 'Vector2' to 'Vector2'
                 Cannot copy construct class 'Vector2' due to ambiguous copy constructors or no available copy constructor
     1>e:\uni\year 2\semester 1\software engineering\assignment\sdl_game_framework\boltonuniversitysoftwareengineeringassignment\sdl_game_framework\game.cpp(45): error C2039: 'serialize_character' : is not a member of 'Character'
                 e:\uni\year 2\semester 1\software engineering\assignment\sdl_game_framework\boltonuniversitysoftwareengineeringassignment\sdl_game_framework\character.h(8) : see declaration of 'Character'
     1>e:\uni\year 2\semester 1\software engineering\assignment\sdl_game_framework\boltonuniversitysoftwareengineeringassignment\sdl_game_framework\game.cpp(46): error C2039: 'serialize_character' : is not a member of 'Character'
                 e:\uni\year 2\semester 1\software engineering\assignment\sdl_game_framework\boltonuniversitysoftwareengineeringassignment\sdl_game_framework\character.h(8) : see declaration of 'Character'
     1>e:\uni\year 2\semester 1\software engineering\assignment\sdl_game_framework\boltonuniversitysoftwareengineeringassignment\sdl_game_framework\game.cpp(51): error C2248: 'NPC_Base::serialize_character' : cannot access protected member declared in class 'NPC_Base'
                 e:\uni\year 2\semester 1\software engineering\assignment\sdl_game_framework\boltonuniversitysoftwareengineeringassignment\sdl_game_framework\npc_base.h(37) : see declaration of 'NPC_Base::serialize_character'
                 e:\uni\year 2\semester 1\software engineering\assignment\sdl_game_framework\boltonuniversitysoftwareengineeringassignment\sdl_game_framework\npc_base.h(7) : see declaration of 'NPC_Base'
     1>e:\uni\year 2\semester 1\software engineering\assignment\sdl_game_framework\boltonuniversitysoftwareengineeringassignment\sdl_game_framework\game.cpp(56): error C4430: missing type specifier - int assumed. Note: C++ does not support default-int
     1>e:\uni\year 2\semester 1\software engineering\assignment\sdl_game_framework\boltonuniversitysoftwareengineeringassignment\sdl_game_framework\game.cpp(57): error C2059: syntax error : '}'
     1>e:\uni\year 2\semester 1\software engineering\assignment\sdl_game_framework\boltonuniversitysoftwareengineeringassignment\sdl_game_framework\game.cpp(57): error C2143: syntax error : missing ';' before '}'
     1>e:\uni\year 2\semester 1\software engineering\assignment\sdl_game_framework\boltonuniversitysoftwareengineeringassignment\sdl_game_framework\game.cpp(60): error C2143: syntax error : missing ';' before '{'
     1>e:\uni\year 2\semester 1\software engineering\assignment\sdl_game_framework\boltonuniversitysoftwareengineeringassignment\sdl_game_framework\game.cpp(60): error C2447: '{' : missing function header (old-style formal list?)
     1>e:\uni\year 2\semester 1\software engineering\assignment\sdl_game_framework\boltonuniversitysoftwareengineeringassignment\sdl_game_framework\game.cpp(75): error C2039: 'sprite' : is not a member of 'Character'
                 e:\uni\year 2\semester 1\software engineering\assignment\sdl_game_framework\boltonuniversitysoftwareengineeringassignment\sdl_game_framework\character.h(8) : see declaration of 'Character'
     1>e:\uni\year 2\semester 1\software engineering\assignment\sdl_game_framework\boltonuniversitysoftwareengineeringassignment\sdl_game_framework\game.cpp(75): error C2227: left of '->set_world_position' must point to class/struct/union/generic type
     1>e:\uni\year 2\semester 1\software engineering\assignment\sdl_game_framework\boltonuniversitysoftwareengineeringassignment\sdl_game_framework\game.cpp(83): error C2248: 'NPC_Base::move' : cannot access protected member declared in class 'NPC_Base'
                 e:\uni\year 2\semester 1\software engineering\assignment\sdl_game_framework\boltonuniversitysoftwareengineeringassignment\sdl_game_framework\npc_base.h(33) : see declaration of 'NPC_Base::move'
                 e:\uni\year 2\semester 1\software engineering\assignment\sdl_game_framework\boltonuniversitysoftwareengineeringassignment\sdl_game_framework\npc_base.h(7) : see declaration of 'NPC_Base'
     1>e:\uni\year 2\semester 1\software engineering\assignment\sdl_game_framework\boltonuniversitysoftwareengineeringassignment\sdl_game_framework\game.cpp(98): error C2039: 'sprite' : is not a member of 'Character'
                 e:\uni\year 2\semester 1\software engineering\assignment\sdl_game_framework\boltonuniversitysoftwareengineeringassignment\sdl_game_framework\character.h(8) : see declaration of 'Character'
     1>e:\uni\year 2\semester 1\software engineering\assignment\sdl_game_framework\boltonuniversitysoftwareengineeringassignment\sdl_game_framework\game.cpp(98): error C2227: left of '->get_x' must point to class/struct/union/generic type
     1>e:\uni\year 2\semester 1\software engineering\assignment\sdl_game_framework\boltonuniversitysoftwareengineeringassignment\sdl_game_framework\game.cpp(99): error C2039: 'sprite' : is not a member of 'Character'
                 e:\uni\year 2\semester 1\software engineering\assignment\sdl_game_framework\boltonuniversitysoftwareengineeringassignment\sdl_game_framework\character.h(8) : see declaration of 'Character'
     1>e:\uni\year 2\semester 1\software engineering\assignment\sdl_game_framework\boltonuniversitysoftwareengineeringassignment\sdl_game_framework\game.cpp(99): error C2227: left of '->get_y' must point to class/struct/union/generic type
     1>e:\uni\year 2\semester 1\software engineering\assignment\sdl_game_framework\boltonuniversitysoftwareengineeringassignment\sdl_game_framework\game.cpp(137): error C2039: 'is_blocking' : is not a member of 'Character'
                 e:\uni\year 2\semester 1\software engineering\assignment\sdl_game_framework\boltonuniversitysoftwareengineeringassignment\sdl_game_framework\character.h(8) : see declaration of 'Character'
     1>e:\uni\year 2\semester 1\software engineering\assignment\sdl_game_framework\boltonuniversitysoftwareengineeringassignment\sdl_game_framework\game.cpp(142): error C2039: 'is_blocking' : is not a member of 'Character'
                 e:\uni\year 2\semester 1\software engineering\assignment\sdl_game_framework\boltonuniversitysoftwareengineeringassignment\sdl_game_framework\character.h(8) : see declaration of 'Character'
     1>e:\uni\year 2\semester 1\software engineering\assignment\sdl_game_framework\boltonuniversitysoftwareengineeringassignment\sdl_game_framework\game.cpp(149): error C2039: 'is_blocking' : is not a member of 'Character'
                 e:\uni\year 2\semester 1\software engineering\assignment\sdl_game_framework\boltonuniversitysoftwareengineeringassignment\sdl_game_framework\character.h(8) : see declaration of 'Character'
     1>e:\uni\year 2\semester 1\software engineering\assignment\sdl_game_framework\boltonuniversitysoftwareengineeringassignment\sdl_game_framework\game.cpp(151): warning C4018: '<' : signed/unsigned mismatch
     1>e:\uni\year 2\semester 1\software engineering\assignment\sdl_game_framework\boltonuniversitysoftwareengineeringassignment\sdl_game_framework\game.cpp(187): error C2039: 'render' : is not a member of 'Character'
                 e:\uni\year 2\semester 1\software engineering\assignment\sdl_game_framework\boltonuniversitysoftwareengineeringassignment\sdl_game_framework\character.h(8) : see declaration of 'Character'
     1>e:\uni\year 2\semester 1\software engineering\assignment\sdl_game_framework\boltonuniversitysoftwareengineeringassignment\sdl_game_framework\game.cpp(188): error C2039: 'render' : is not a member of 'Character'
                 e:\uni\year 2\semester 1\software engineering\assignment\sdl_game_framework\boltonuniversitysoftwareengineeringassignment\sdl_game_framework\character.h(8) : see declaration of 'Character'
     1>e:\uni\year 2\semester 1\software engineering\assignment\sdl_game_framework\boltonuniversitysoftwareengineeringassignment\sdl_game_framework\game.cpp(189): error C2039: 'render' : is not a member of 'NPC_Hinter'
                 e:\uni\year 2\semester 1\software engineering\assignment\sdl_game_framework\boltonuniversitysoftwareengineeringassignment\sdl_game_framework\npc_hinter.h(7) : see declaration of 'NPC_Hinter'
     1>e:\uni\year 2\semester 1\software engineering\assignment\sdl_game_framework\boltonuniversitysoftwareengineeringassignment\sdl_game_framework\game.cpp(192): warning C4018: '<' : signed/unsigned mismatch
         End_Menu_Splash.cpp
     1>e:\uni\year 2\semester 1\software engineering\assignment\sdl_game_framework\boltonuniversitysoftwareengineeringassignment\sdl_game_framework\npc_base.h(32): error C2955: 'Vector2' : use of class template requires template argument list
                 e:\uni\year 2\semester 1\software engineering\assignment\sdl_game_framework\boltonuniversitysoftwareengineeringassignment\sdl_game_framework\vector2.h(7) : see declaration of 'Vector2'
     1>e:\uni\year 2\semester 1\software engineering\assignment\sdl_game_framework\boltonuniversitysoftwareengineeringassignment\sdl_game_framework\game.h(48): error C2143: syntax error : missing ';' before '*'
     1>e:\uni\year 2\semester 1\software engineering\assignment\sdl_game_framework\boltonuniversitysoftwareengineeringassignment\sdl_game_framework\game.h(48): error C4430: missing type specifier - int assumed. Note: C++ does not support default-int
     1>e:\uni\year 2\semester 1\software engineering\assignment\sdl_game_framework\boltonuniversitysoftwareengineeringassignment\sdl_game_framework\game.h(57): error C2143: syntax error : missing ';' before '*'
     1>e:\uni\year 2\semester 1\software engineering\assignment\sdl_game_framework\boltonuniversitysoftwareengineeringassignment\sdl_game_framework\game.h(57): error C4430: missing type specifier - int assumed. Note: C++ does not support default-int
     1>e:\uni\year 2\semester 1\software engineering\assignment\sdl_game_framework\boltonuniversitysoftwareengineeringassignment\sdl_game_framework\game.h(58): error C2143: syntax error : missing ';' before '*'
     1>e:\uni\year 2\semester 1\software engineering\assignment\sdl_game_framework\boltonuniversitysoftwareengineeringassignment\sdl_game_framework\game.h(58): error C4430: missing type specifier - int assumed. Note: C++ does not support default-int
         Generating Code...
     1>Done Building Project "E:\Uni\Year 2\semester 1\software engineering\Assignment\sdl_game_framework\BoltonUniversitySoftwareEngineeringAssignment\SDL_Game_Framework\SDL_Game_Framework.vcxproj" (Build target(s)) -- FAILED.

Build FAILED.

Time Elapsed 00:00:05.66
